PID: 553877

Loading inputs...
Loading model...
Defining cost and metric functions...
Initializing dataset...
Initializing generator...
Initializing sampler...
Resetting directories...
Starting the simulation!


###########################################
# TLSampler parameters summary:           #
#                                         #
# moves:           2.0e+04                #
# temperature:     3.0e-04                #
# mobility:        0.20                   #
# time step:       1.0e-02                #
# mass:            0                      #
# lambda:          1.0e-06                #
#                                         #
# fixed layers: ()                        #
#                                         #
# results directory: results/sim0         #
# weights directory: results/sim0/weights #
# restart:           False                #
#                                         #
###########################################

// TLSampler status register:
-------------------------------------------------------------------------------     ----------------------------------------
|    move    |     U      |    loss    |   metric   |    mod2    |    time    |     |    move    |     q      |   eff_v    |
-------------------------------------------------------------------------------     ----------------------------------------
|     0      |  0.10083   |  0.09625   |  0.98549   |   9165.2   |    0.00    |     |     0      |  1.00000   |  0.00000   |
-------------------------------------------------------------------------------     ----------------------------------------
|    100     |  0.64851   |  0.64370   |  0.77018   |   9629.4   |    0.12    |     |    100     |  0.97591   |  0.09491   |
-------------------------------------------------------------------------------     ----------------------------------------
