PID: 553945

Loading inputs...
Loading model...
Defining cost and metric functions...
Initializing dataset...
Initializing generator...
Initializing sampler...
Resetting directories...
Starting the simulation!


###########################################
# TLSampler parameters summary:           #
#                                         #
# moves:           2.0e+04                #
# temperature:     1.0e-04                #
# mobility:        0.20                   #
# time step:       1.0e-02                #
# mass:            0                      #
# lambda:          1.0e-06                #
#                                         #
# fixed layers: ()                        #
#                                         #
# results directory: results/sim1         #
# weights directory: results/sim1/weights #
# restart:           False                #
#                                         #
###########################################

// TLSampler status register:
-------------------------------------------------------------------------------     ----------------------------------------
|    move    |     U      |    loss    |   metric   |    mod2    |    time    |     |    move    |     q      |   eff_v    |
-------------------------------------------------------------------------------     ----------------------------------------
|     0      |  0.10083   |  0.09625   |  0.98549   |   9165.2   |    0.00    |     |     0      |  1.00000   |  0.00000   |
-------------------------------------------------------------------------------     ----------------------------------------
|    100     |  0.21868   |  0.21401   |  0.92608   |   9331.3   |    0.12    |     |    100     |  0.99171   |  0.05604   |
-------------------------------------------------------------------------------     ----------------------------------------
|    200     |  0.27609   |  0.27132   |  0.89839   |   9541.4   |    0.24    |     |    200     |  0.98185   |  0.06173   |
-------------------------------------------------------------------------------     ----------------------------------------
|    300     |  0.32532   |  0.32044   |  0.88001   |   9760.8   |    0.33    |     |    300     |  0.97278   |  0.06402   |
-------------------------------------------------------------------------------     ----------------------------------------
|    400     |  0.35778   |  0.35280   |  0.86707   |   9954.8   |    0.43    |     |    400     |  0.96399   |  0.06189   |
-------------------------------------------------------------------------------     ----------------------------------------
|    500     |  0.37990   |  0.37483   |  0.85753   |  10139.0   |    0.53    |     |    500     |  0.95562   |  0.06427   |
-------------------------------------------------------------------------------     ----------------------------------------
|    600     |  0.40988   |  0.40472   |  0.84720   |  10331.5   |    0.63    |     |    600     |  0.94777   |  0.06618   |
-------------------------------------------------------------------------------     ----------------------------------------
|    700     |  0.42506   |  0.41978   |  0.84454   |  10551.3   |    0.73    |     |    700     |  0.93986   |  0.06451   |
-------------------------------------------------------------------------------     ----------------------------------------
|    800     |  0.43596   |  0.43059   |  0.83493   |  10757.1   |    0.82    |     |    800     |  0.93225   |  0.06506   |
-------------------------------------------------------------------------------     ----------------------------------------
|    900     |  0.45132   |  0.44584   |  0.82722   |  10957.8   |    0.92    |     |    900     |  0.92481   |  0.06397   |
-------------------------------------------------------------------------------     ----------------------------------------
|    1000    |  0.46442   |  0.45884   |  0.82973   |  11153.4   |    1.00    |     |    1000    |  0.91788   |  0.07975   |
-------------------------------------------------------------------------------     ----------------------------------------
|    1100    |  0.48526   |  0.47959   |  0.81850   |  11340.0   |    1.08    |     |    1100    |  0.91075   |  0.07915   |
-------------------------------------------------------------------------------     ----------------------------------------
|    1200    |  0.50118   |  0.49542   |  0.81519   |  11524.5   |    1.16    |     |    1200    |  0.90385   |  0.08804   |
-------------------------------------------------------------------------------     ----------------------------------------
|    1300    |  0.50548   |  0.49962   |  0.81312   |  11731.9   |    1.24    |     |    1300    |  0.89722   |  0.07918   |
-------------------------------------------------------------------------------     ----------------------------------------
|    1400    |  0.52425   |  0.51828   |  0.80846   |  11951.6   |    1.31    |     |    1400    |  0.89060   |  0.07787   |
-------------------------------------------------------------------------------     ----------------------------------------
|    1500    |  0.53212   |  0.52604   |  0.80197   |  12160.2   |    1.39    |     |    1500    |  0.88387   |  0.07945   |
-------------------------------------------------------------------------------     ----------------------------------------
|    1600    |  0.54407   |  0.53790   |  0.80145   |  12339.7   |    1.47    |     |    1600    |  0.87788   |  0.08049   |
-------------------------------------------------------------------------------     ----------------------------------------
|    1700    |  0.54822   |  0.54196   |  0.80002   |  12531.1   |    1.54    |     |    1700    |  0.87130   |  0.07931   |
-------------------------------------------------------------------------------     ----------------------------------------
|    1800    |  0.55892   |  0.55255   |  0.79827   |  12746.9   |    1.62    |     |    1800    |  0.86521   |  0.08316   |
-------------------------------------------------------------------------------     ----------------------------------------
|    1900    |  0.56378   |  0.55730   |  0.79787   |  12949.0   |    1.70    |     |    1900    |  0.85943   |  0.07825   |
-------------------------------------------------------------------------------     ----------------------------------------
|    2000    |  0.57207   |  0.56550   |  0.79159   |  13131.4   |    1.77    |     |    2000    |  0.85382   |  0.08887   |
-------------------------------------------------------------------------------     ----------------------------------------
|    2100    |  0.57302   |  0.56636   |  0.79321   |  13320.4   |    1.85    |     |    2100    |  0.84826   |  0.07965   |
-------------------------------------------------------------------------------     ----------------------------------------
|    2200    |  0.58501   |  0.57826   |  0.78748   |  13508.1   |    1.92    |     |    2200    |  0.84212   |  0.08059   |
-------------------------------------------------------------------------------     ----------------------------------------
|    2300    |  0.60867   |  0.60181   |  0.77919   |  13707.8   |    2.00    |     |    2300    |  0.83645   |  0.09137   |
-------------------------------------------------------------------------------     ----------------------------------------
|    2400    |  0.60885   |  0.60189   |  0.78209   |  13915.9   |    2.07    |     |    2400    |  0.83089   |  0.08379   |
-------------------------------------------------------------------------------     ----------------------------------------
|    2500    |  0.61526   |  0.60820   |  0.77648   |  14129.2   |    2.15    |     |    2500    |  0.82548   |  0.08501   |
-------------------------------------------------------------------------------     ----------------------------------------
|    2600    |  0.62071   |  0.61354   |  0.77585   |  14339.5   |    2.22    |     |    2600    |  0.82086   |  0.08460   |
-------------------------------------------------------------------------------     ----------------------------------------
|    2700    |  0.62746   |  0.62020   |  0.77466   |  14515.6   |    2.30    |     |    2700    |  0.81602   |  0.08227   |
-------------------------------------------------------------------------------     ----------------------------------------
|    2800    |  0.62392   |  0.61657   |  0.77627   |  14712.9   |    2.37    |     |    2800    |  0.81132   |  0.08304   |
-------------------------------------------------------------------------------     ----------------------------------------
|    2900    |  0.63049   |  0.62302   |  0.77113   |  14939.6   |    2.45    |     |    2900    |  0.80674   |  0.07880   |
-------------------------------------------------------------------------------     ----------------------------------------
|    3000    |  0.64347   |  0.63590   |  0.76599   |  15153.9   |    2.52    |     |    3000    |  0.80161   |  0.08747   |
-------------------------------------------------------------------------------     ----------------------------------------
|    3100    |  0.65444   |  0.64676   |  0.76346   |  15349.6   |    2.59    |     |    3100    |  0.79700   |  0.07966   |
-------------------------------------------------------------------------------     ----------------------------------------
|    3200    |  0.65094   |  0.64318   |  0.76382   |  15528.4   |    2.66    |     |    3200    |  0.79253   |  0.08106   |
-------------------------------------------------------------------------------     ----------------------------------------
|    3300    |  0.66161   |  0.65374   |  0.76385   |  15733.2   |    2.74    |     |    3300    |  0.78813   |  0.08649   |
-------------------------------------------------------------------------------     ----------------------------------------
|    3400    |  0.66146   |  0.65350   |  0.76187   |  15917.8   |    2.81    |     |    3400    |  0.78354   |  0.08313   |
-------------------------------------------------------------------------------     ----------------------------------------
|    3500    |  0.66522   |  0.65714   |  0.75833   |  16163.3   |    2.88    |     |    3500    |  0.77913   |  0.08413   |
-------------------------------------------------------------------------------     ----------------------------------------
|    3600    |  0.67369   |  0.66551   |  0.75670   |  16372.1   |    2.95    |     |    3600    |  0.77481   |  0.08419   |
-------------------------------------------------------------------------------     ----------------------------------------
|    3700    |  0.67467   |  0.66638   |  0.75923   |  16580.6   |    3.03    |     |    3700    |  0.77046   |  0.08541   |
-------------------------------------------------------------------------------     ----------------------------------------
|    3800    |  0.68368   |  0.67528   |  0.75928   |  16797.4   |    3.10    |     |    3800    |  0.76564   |  0.08477   |
-------------------------------------------------------------------------------     ----------------------------------------
|    3900    |  0.71590   |  0.70741   |  0.75185   |  16979.7   |    3.17    |     |    3900    |  0.76132   |  0.08590   |
-------------------------------------------------------------------------------     ----------------------------------------
|    4000    |  0.68708   |  0.67848   |  0.76030   |  17187.0   |    3.24    |     |    4000    |  0.75715   |  0.08753   |
-------------------------------------------------------------------------------     ----------------------------------------
|    4100    |  0.70065   |  0.69195   |  0.74816   |  17405.2   |    3.31    |     |    4100    |  0.75300   |  0.08928   |
-------------------------------------------------------------------------------     ----------------------------------------
|    4200    |  0.70444   |  0.69563   |  0.74993   |  17629.5   |    3.38    |     |    4200    |  0.74896   |  0.08310   |
-------------------------------------------------------------------------------     ----------------------------------------
|    4300    |  0.70674   |  0.69781   |  0.74475   |  17846.3   |    3.45    |     |    4300    |  0.74502   |  0.09035   |
-------------------------------------------------------------------------------     ----------------------------------------
|    4400    |  0.71122   |  0.70220   |  0.74681   |  18032.3   |    3.52    |     |    4400    |  0.74074   |  0.08654   |
-------------------------------------------------------------------------------     ----------------------------------------
|    4500    |  0.72884   |  0.71972   |  0.73893   |  18243.1   |    3.59    |     |    4500    |  0.73652   |  0.10476   |
-------------------------------------------------------------------------------     ----------------------------------------
|    4600    |  0.72441   |  0.71518   |  0.74149   |  18462.3   |    3.66    |     |    4600    |  0.73275   |  0.09131   |
-------------------------------------------------------------------------------     ----------------------------------------
|    4700    |  0.74182   |  0.73248   |  0.73595   |  18680.8   |    3.73    |     |    4700    |  0.72884   |  0.09763   |
-------------------------------------------------------------------------------     ----------------------------------------
|    4800    |  0.73390   |  0.72445   |  0.73927   |  18899.4   |    3.80    |     |    4800    |  0.72483   |  0.09381   |
-------------------------------------------------------------------------------     ----------------------------------------
|    4900    |  0.73443   |  0.72489   |  0.74093   |  19091.9   |    3.87    |     |    4900    |  0.72156   |  0.08758   |
-------------------------------------------------------------------------------     ----------------------------------------
|    5000    |  0.73434   |  0.72468   |  0.73902   |  19306.8   |    3.94    |     |    5000    |  0.71842   |  0.08598   |
-------------------------------------------------------------------------------     ----------------------------------------
|    5100    |  0.73495   |  0.72518   |  0.74225   |  19524.3   |    4.01    |     |    5100    |  0.71550   |  0.08918   |
-------------------------------------------------------------------------------     ----------------------------------------
|    5200    |  0.76844   |  0.75857   |  0.72657   |  19747.8   |    4.08    |     |    5200    |  0.71235   |  0.09677   |
-------------------------------------------------------------------------------     ----------------------------------------
|    5300    |  0.73885   |  0.72887   |  0.73841   |  19974.3   |    4.15    |     |    5300    |  0.70893   |  0.08489   |
-------------------------------------------------------------------------------     ----------------------------------------
|    5400    |  0.73931   |  0.72923   |  0.73658   |  20166.1   |    4.22    |     |    5400    |  0.70568   |  0.08728   |
-------------------------------------------------------------------------------     ----------------------------------------
|    5500    |  0.74371   |  0.73352   |  0.73605   |  20381.4   |    4.28    |     |    5500    |  0.70229   |  0.09482   |
-------------------------------------------------------------------------------     ----------------------------------------
|    5600    |  0.73848   |  0.72816   |  0.73766   |  20628.3   |    4.35    |     |    5600    |  0.69922   |  0.08870   |
-------------------------------------------------------------------------------     ----------------------------------------
|    5700    |  0.74498   |  0.73455   |  0.74014   |  20862.4   |    4.42    |     |    5700    |  0.69596   |  0.09716   |
-------------------------------------------------------------------------------     ----------------------------------------
|    5800    |  0.75247   |  0.74193   |  0.73899   |  21078.0   |    4.49    |     |    5800    |  0.69244   |  0.09553   |
-------------------------------------------------------------------------------     ----------------------------------------
|    5900    |  0.75650   |  0.74587   |  0.73812   |  21268.2   |    4.55    |     |    5900    |  0.68880   |  0.09222   |
-------------------------------------------------------------------------------     ----------------------------------------
|    6000    |  0.76156   |  0.75082   |  0.73176   |  21474.8   |    4.62    |     |    6000    |  0.68599   |  0.10506   |
-------------------------------------------------------------------------------     ----------------------------------------
|    6100    |  0.76207   |  0.75124   |  0.73052   |  21673.3   |    4.69    |     |    6100    |  0.68257   |  0.09085   |
-------------------------------------------------------------------------------     ----------------------------------------
|    6200    |  0.76839   |  0.75744   |  0.73717   |  21896.3   |    4.76    |     |    6200    |  0.67987   |  0.10014   |
-------------------------------------------------------------------------------     ----------------------------------------
|    6300    |  0.76228   |  0.75122   |  0.73519   |  22106.6   |    4.82    |     |    6300    |  0.67692   |  0.09322   |
-------------------------------------------------------------------------------     ----------------------------------------
|    6400    |  0.78955   |  0.77839   |  0.72411   |  22310.4   |    4.89    |     |    6400    |  0.67423   |  0.09381   |
-------------------------------------------------------------------------------     ----------------------------------------
|    6500    |  0.77866   |  0.76743   |  0.72958   |  22451.2   |    4.95    |     |    6500    |  0.67157   |  0.09733   |
-------------------------------------------------------------------------------     ----------------------------------------
|    6600    |  0.77842   |  0.76708   |  0.73168   |  22667.8   |    5.02    |     |    6600    |  0.66865   |  0.10130   |
-------------------------------------------------------------------------------     ----------------------------------------
|    6700    |  0.78424   |  0.77279   |  0.72526   |  22904.9   |    5.09    |     |    6700    |  0.66521   |  0.09472   |
-------------------------------------------------------------------------------     ----------------------------------------
|    6800    |  0.78243   |  0.77088   |  0.72614   |  23113.7   |    5.15    |     |    6800    |  0.66271   |  0.09051   |
-------------------------------------------------------------------------------     ----------------------------------------
|    6900    |  0.78958   |  0.77792   |  0.72416   |  23335.1   |    5.22    |     |    6900    |  0.66026   |  0.09097   |
-------------------------------------------------------------------------------     ----------------------------------------
|    7000    |  0.78847   |  0.77671   |  0.72778   |  23525.2   |    5.29    |     |    7000    |  0.65757   |  0.09350   |
-------------------------------------------------------------------------------     ----------------------------------------
|    7100    |  0.78673   |  0.77487   |  0.72694   |  23718.2   |    5.35    |     |    7100    |  0.65482   |  0.10592   |
-------------------------------------------------------------------------------     ----------------------------------------
|    7200    |  0.78490   |  0.77295   |  0.73112   |  23912.9   |    5.41    |     |    7200    |  0.65261   |  0.09734   |
-------------------------------------------------------------------------------     ----------------------------------------
|    7300    |  0.78904   |  0.77698   |  0.73317   |  24117.4   |    5.48    |     |    7300    |  0.64994   |  0.09727   |
-------------------------------------------------------------------------------     ----------------------------------------
|    7400    |  0.79693   |  0.78478   |  0.72558   |  24312.7   |    5.55    |     |    7400    |  0.64720   |  0.09178   |
-------------------------------------------------------------------------------     ----------------------------------------
|    7500    |  0.79440   |  0.78214   |  0.72818   |  24517.3   |    5.61    |     |    7500    |  0.64499   |  0.09407   |
-------------------------------------------------------------------------------     ----------------------------------------
|    7600    |  0.80701   |  0.79465   |  0.72582   |  24728.1   |    5.68    |     |    7600    |  0.64241   |  0.09311   |
-------------------------------------------------------------------------------     ----------------------------------------
|    7700    |  0.80933   |  0.79686   |  0.72254   |  24941.3   |    5.74    |     |    7700    |  0.63994   |  0.11011   |
-------------------------------------------------------------------------------     ----------------------------------------
|    7800    |  0.80964   |  0.79707   |  0.71846   |  25145.1   |    5.80    |     |    7800    |  0.63745   |  0.09529   |
-------------------------------------------------------------------------------     ----------------------------------------
|    7900    |  0.82269   |  0.81003   |  0.71315   |  25328.5   |    5.87    |     |    7900    |  0.63490   |  0.09801   |
-------------------------------------------------------------------------------     ----------------------------------------
|    8000    |  0.80896   |  0.79621   |  0.72105   |  25508.5   |    5.93    |     |    8000    |  0.63277   |  0.10019   |
-------------------------------------------------------------------------------     ----------------------------------------
|    8100    |  0.80166   |  0.78880   |  0.72468   |  25715.1   |    6.00    |     |    8100    |  0.63054   |  0.09143   |
-------------------------------------------------------------------------------     ----------------------------------------
|    8200    |  0.80752   |  0.79455   |  0.72167   |  25928.3   |    6.06    |     |    8200    |  0.62816   |  0.09800   |
-------------------------------------------------------------------------------     ----------------------------------------
|    8300    |  0.80768   |  0.79462   |  0.72135   |  26117.8   |    6.12    |     |    8300    |  0.62586   |  0.09404   |
-------------------------------------------------------------------------------     ----------------------------------------
|    8400    |  0.80535   |  0.79219   |  0.72280   |  26315.6   |    6.19    |     |    8400    |  0.62280   |  0.08994   |
-------------------------------------------------------------------------------     ----------------------------------------
|    8500    |  0.80335   |  0.79010   |  0.72407   |  26494.8   |    6.25    |     |    8500    |  0.62020   |  0.09931   |
-------------------------------------------------------------------------------     ----------------------------------------
|    8600    |  0.80613   |  0.79278   |  0.72672   |  26700.0   |    6.31    |     |    8600    |  0.61816   |  0.11973   |
-------------------------------------------------------------------------------     ----------------------------------------
|    8700    |  0.80324   |  0.78980   |  0.72841   |  26887.0   |    6.37    |     |    8700    |  0.61608   |  0.10369   |
-------------------------------------------------------------------------------     ----------------------------------------
|    8800    |  0.80160   |  0.78806   |  0.72389   |  27091.5   |    6.44    |     |    8800    |  0.61344   |  0.10468   |
-------------------------------------------------------------------------------     ----------------------------------------
|    8900    |  0.81258   |  0.79892   |  0.72174   |  27323.8   |    6.50    |     |    8900    |  0.61146   |  0.09661   |
-------------------------------------------------------------------------------     ----------------------------------------
|    9000    |  0.82343   |  0.80968   |  0.71859   |  27512.4   |    6.56    |     |    9000    |  0.60932   |  0.09246   |
-------------------------------------------------------------------------------     ----------------------------------------
|    9100    |  0.81627   |  0.80242   |  0.71887   |  27705.6   |    6.63    |     |    9100    |  0.60706   |  0.10356   |
-------------------------------------------------------------------------------     ----------------------------------------
|    9200    |  0.81116   |  0.79721   |  0.72217   |  27906.6   |    6.69    |     |    9200    |  0.60504   |  0.11043   |
-------------------------------------------------------------------------------     ----------------------------------------
|    9300    |  0.82676   |  0.81272   |  0.71815   |  28085.0   |    6.75    |     |    9300    |  0.60297   |  0.09493   |
-------------------------------------------------------------------------------     ----------------------------------------
|    9400    |  0.81372   |  0.79958   |  0.72266   |  28278.2   |    6.81    |     |    9400    |  0.60163   |  0.10053   |
-------------------------------------------------------------------------------     ----------------------------------------
|    9500    |  0.81186   |  0.79762   |  0.72407   |  28463.4   |    6.87    |     |    9500    |  0.60028   |  0.10324   |
-------------------------------------------------------------------------------     ----------------------------------------
|    9600    |  0.81532   |  0.80100   |  0.71866   |  28651.0   |    6.94    |     |    9600    |  0.59833   |  0.11100   |
-------------------------------------------------------------------------------     ----------------------------------------
|    9700    |  0.81845   |  0.80403   |  0.71950   |  28844.6   |    7.00    |     |    9700    |  0.59623   |  0.09811   |
-------------------------------------------------------------------------------     ----------------------------------------
|    9800    |  0.81605   |  0.80152   |  0.72259   |  29047.5   |    7.06    |     |    9800    |  0.59469   |  0.10160   |
-------------------------------------------------------------------------------     ----------------------------------------
|    9900    |  0.81115   |  0.79653   |  0.72390   |  29246.3   |    7.12    |     |    9900    |  0.59263   |  0.11776   |
-------------------------------------------------------------------------------     ----------------------------------------
|   10000    |  0.82335   |  0.80864   |  0.71941   |  29414.5   |    7.18    |     |   10000    |  0.59132   |  0.10195   |
-------------------------------------------------------------------------------     ----------------------------------------
|   10100    |  0.81589   |  0.80111   |  0.72130   |  29576.5   |    7.24    |     |   10100    |  0.58945   |  0.09790   |
-------------------------------------------------------------------------------     ----------------------------------------
|   10200    |  0.82097   |  0.80607   |  0.71894   |  29791.3   |    7.30    |     |   10200    |  0.58724   |  0.10218   |
-------------------------------------------------------------------------------     ----------------------------------------
|   10300    |  0.83939   |  0.82440   |  0.70913   |  29967.3   |    7.36    |     |   10300    |  0.58462   |  0.10185   |
-------------------------------------------------------------------------------     ----------------------------------------
|   10400    |  0.83391   |  0.81883   |  0.71407   |  30149.6   |    7.43    |     |   10400    |  0.58300   |  0.09733   |
-------------------------------------------------------------------------------     ----------------------------------------
|   10500    |  0.89818   |  0.88300   |  0.69354   |  30346.7   |    7.49    |     |   10500    |  0.58122   |  0.09973   |
-------------------------------------------------------------------------------     ----------------------------------------
|   10600    |  0.83452   |  0.81925   |  0.71730   |  30529.1   |    7.55    |     |   10600    |  0.57961   |  0.09951   |
-------------------------------------------------------------------------------     ----------------------------------------
|   10700    |  0.82623   |  0.81085   |  0.71922   |  30759.3   |    7.61    |     |   10700    |  0.57791   |  0.09667   |
-------------------------------------------------------------------------------     ----------------------------------------
|   10800    |  0.82920   |  0.81372   |  0.71802   |  30957.0   |    7.67    |     |   10800    |  0.57570   |  0.09607   |
-------------------------------------------------------------------------------     ----------------------------------------
|   10900    |  0.83646   |  0.82089   |  0.71392   |  31144.4   |    7.73    |     |   10900    |  0.57315   |  0.10480   |
-------------------------------------------------------------------------------     ----------------------------------------
|   11000    |  0.83751   |  0.82183   |  0.71448   |  31345.7   |    7.79    |     |   11000    |  0.57178   |  0.10046   |
-------------------------------------------------------------------------------     ----------------------------------------
|   11100    |  0.83459   |  0.81882   |  0.72103   |  31558.3   |    7.85    |     |   11100    |  0.56955   |  0.10051   |
-------------------------------------------------------------------------------     ----------------------------------------
|   11200    |  0.92500   |  0.90912   |  0.68181   |  31740.9   |    7.91    |     |   11200    |  0.56760   |  0.11974   |
-------------------------------------------------------------------------------     ----------------------------------------
|   11300    |  0.83892   |  0.82294   |  0.71195   |  31954.2   |    7.97    |     |   11300    |  0.56601   |  0.10084   |
-------------------------------------------------------------------------------     ----------------------------------------
|   11400    |  0.85334   |  0.83724   |  0.70765   |  32199.9   |    8.03    |     |   11400    |  0.56413   |  0.10337   |
-------------------------------------------------------------------------------     ----------------------------------------
|   11500    |  0.84621   |  0.83001   |  0.70834   |  32399.4   |    8.09    |     |   11500    |  0.56297   |  0.10331   |
-------------------------------------------------------------------------------     ----------------------------------------
|   11600    |  0.87044   |  0.85413   |  0.70217   |  32609.5   |    8.15    |     |   11600    |  0.56134   |  0.10736   |
-------------------------------------------------------------------------------     ----------------------------------------
|   11700    |  0.84763   |  0.83122   |  0.70714   |  32803.0   |    8.21    |     |   11700    |  0.55909   |  0.11099   |
-------------------------------------------------------------------------------     ----------------------------------------
|   11800    |  0.85777   |  0.84125   |  0.70456   |  33039.3   |    8.27    |     |   11800    |  0.55741   |  0.11811   |
-------------------------------------------------------------------------------     ----------------------------------------
|   11900    |  0.86086   |  0.84424   |  0.70622   |  33233.1   |    8.32    |     |   11900    |  0.55560   |  0.09578   |
-------------------------------------------------------------------------------     ----------------------------------------
|   12000    |  0.85453   |  0.83780   |  0.71120   |  33465.7   |    8.38    |     |   12000    |  0.55379   |  0.10171   |
-------------------------------------------------------------------------------     ----------------------------------------
|   12100    |  0.84901   |  0.83217   |  0.71255   |  33679.2   |    8.44    |     |   12100    |  0.55231   |  0.09969   |
-------------------------------------------------------------------------------     ----------------------------------------
|   12200    |  0.85827   |  0.84131   |  0.69995   |  33913.0   |    8.50    |     |   12200    |  0.55078   |  0.11765   |
-------------------------------------------------------------------------------     ----------------------------------------
|   12300    |  0.85361   |  0.83653   |  0.70859   |  34157.5   |    8.56    |     |   12300    |  0.54910   |  0.11157   |
-------------------------------------------------------------------------------     ----------------------------------------
|   12400    |  0.85154   |  0.83437   |  0.71232   |  34328.4   |    8.62    |     |   12400    |  0.54754   |  0.09679   |
-------------------------------------------------------------------------------     ----------------------------------------
|   12500    |  0.85086   |  0.83360   |  0.70771   |  34527.8   |    8.68    |     |   12500    |  0.54598   |  0.11921   |
-------------------------------------------------------------------------------     ----------------------------------------
|   12600    |  0.90482   |  0.88746   |  0.69434   |  34705.9   |    8.74    |     |   12600    |  0.54420   |  0.12120   |
-------------------------------------------------------------------------------     ----------------------------------------
|   12700    |  0.85857   |  0.84113   |  0.71156   |  34883.2   |    8.80    |     |   12700    |  0.54323   |  0.10056   |
-------------------------------------------------------------------------------     ----------------------------------------
|   12800    |  0.86152   |  0.84396   |  0.70556   |  35122.6   |    8.85    |     |   12800    |  0.54168   |  0.10893   |
-------------------------------------------------------------------------------     ----------------------------------------
|   12900    |  0.86232   |  0.84465   |  0.70551   |  35349.8   |    8.91    |     |   12900    |  0.54003   |  0.12635   |
-------------------------------------------------------------------------------     ----------------------------------------
|   13000    |  0.86190   |  0.84412   |  0.70441   |  35553.9   |    8.97    |     |   13000    |  0.53828   |  0.11414   |
-------------------------------------------------------------------------------     ----------------------------------------
|   13100    |  0.93904   |  0.92118   |  0.68320   |  35716.2   |    9.03    |     |   13100    |  0.53646   |  0.10558   |
-------------------------------------------------------------------------------     ----------------------------------------
|   13200    |  0.87197   |  0.85400   |  0.70972   |  35927.5   |    9.09    |     |   13200    |  0.53459   |  0.10491   |
-------------------------------------------------------------------------------     ----------------------------------------
|   13300    |  0.86770   |  0.84964   |  0.70510   |  36117.0   |    9.15    |     |   13300    |  0.53352   |  0.10117   |
-------------------------------------------------------------------------------     ----------------------------------------
|   13400    |  0.86066   |  0.84250   |  0.71174   |  36319.2   |    9.20    |     |   13400    |  0.53246   |  0.11226   |
-------------------------------------------------------------------------------     ----------------------------------------
|   13500    |  0.90653   |  0.88825   |  0.69304   |  36562.6   |    9.26    |     |   13500    |  0.53092   |  0.12646   |
-------------------------------------------------------------------------------     ----------------------------------------
|   13600    |  0.86060   |  0.84220   |  0.71065   |  36798.3   |    9.32    |     |   13600    |  0.52963   |  0.11624   |
-------------------------------------------------------------------------------     ----------------------------------------
|   13700    |  0.88036   |  0.86187   |  0.70607   |  36965.7   |    9.38    |     |   13700    |  0.52804   |  0.10247   |
-------------------------------------------------------------------------------     ----------------------------------------
|   13800    |  0.86949   |  0.85091   |  0.70986   |  37162.0   |    9.43    |     |   13800    |  0.52613   |  0.10294   |
-------------------------------------------------------------------------------     ----------------------------------------
|   13900    |  0.86726   |  0.84857   |  0.71038   |  37384.8   |    9.49    |     |   13900    |  0.52457   |  0.10393   |
-------------------------------------------------------------------------------     ----------------------------------------
|   14000    |  0.85961   |  0.84084   |  0.71298   |  37546.0   |    9.55    |     |   14000    |  0.52296   |  0.10831   |
-------------------------------------------------------------------------------     ----------------------------------------
|   14100    |  0.86065   |  0.84177   |  0.71246   |  37763.4   |    9.61    |     |   14100    |  0.52189   |  0.10236   |
-------------------------------------------------------------------------------     ----------------------------------------
|   14200    |  0.86584   |  0.84685   |  0.71106   |  37989.7   |    9.66    |     |   14200    |  0.52037   |  0.11595   |
-------------------------------------------------------------------------------     ----------------------------------------
|   14300    |  0.89087   |  0.87177   |  0.70550   |  38201.5   |    9.72    |     |   14300    |  0.51918   |  0.11776   |
-------------------------------------------------------------------------------     ----------------------------------------
|   14400    |  0.87549   |  0.85630   |  0.70798   |  38379.4   |    9.78    |     |   14400    |  0.51807   |  0.11156   |
-------------------------------------------------------------------------------     ----------------------------------------
|   14500    |  0.87620   |  0.85689   |  0.70410   |  38616.8   |    9.84    |     |   14500    |  0.51680   |  0.10422   |
-------------------------------------------------------------------------------     ----------------------------------------
|   14600    |  0.92189   |  0.90249   |  0.69541   |  38804.4   |    9.89    |     |   14600    |  0.51536   |  0.10722   |
-------------------------------------------------------------------------------     ----------------------------------------
|   14700    |  0.87804   |  0.85853   |  0.70866   |  39013.7   |    9.95    |     |   14700    |  0.51397   |  0.10024   |
-------------------------------------------------------------------------------     ----------------------------------------
|   14800    |  0.86720   |  0.84759   |  0.70924   |  39236.7   |   10.01    |     |   14800    |  0.51238   |  0.12476   |
-------------------------------------------------------------------------------     ----------------------------------------
|   14900    |  0.86857   |  0.84886   |  0.70700   |  39413.3   |   10.06    |     |   14900    |  0.51072   |  0.11528   |
-------------------------------------------------------------------------------     ----------------------------------------
|   15000    |  0.86951   |  0.84971   |  0.70512   |  39600.9   |   10.12    |     |   15000    |  0.50941   |  0.11163   |
-------------------------------------------------------------------------------     ----------------------------------------
|   15100    |  0.86793   |  0.84803   |  0.70868   |  39792.1   |   10.18    |     |   15100    |  0.50822   |  0.11845   |
-------------------------------------------------------------------------------     ----------------------------------------
|   15200    |  0.87718   |  0.85718   |  0.70663   |  39988.8   |   10.23    |     |   15200    |  0.50701   |  0.10570   |
-------------------------------------------------------------------------------     ----------------------------------------
|   15300    |  0.88460   |  0.86452   |  0.70608   |  40169.7   |   10.29    |     |   15300    |  0.50539   |  0.10908   |
-------------------------------------------------------------------------------     ----------------------------------------
|   15400    |  0.95905   |  0.93888   |  0.67276   |  40346.7   |   10.34    |     |   15400    |  0.50441   |  0.11193   |
-------------------------------------------------------------------------------     ----------------------------------------
|   15500    |  0.88355   |  0.86330   |  0.70553   |  40518.3   |   10.40    |     |   15500    |  0.50283   |  0.11376   |
-------------------------------------------------------------------------------     ----------------------------------------
|   15600    |  0.87302   |  0.85264   |  0.70576   |  40756.3   |   10.46    |     |   15600    |  0.50154   |  0.10394   |
-------------------------------------------------------------------------------     ----------------------------------------
|   15700    |  0.87075   |  0.85025   |  0.70799   |  40984.4   |   10.51    |     |   15700    |  0.50011   |  0.10655   |
-------------------------------------------------------------------------------     ----------------------------------------
|   15800    |  0.87522   |  0.85460   |  0.70421   |  41228.0   |   10.57    |     |   15800    |  0.49914   |  0.10762   |
-------------------------------------------------------------------------------     ----------------------------------------
|   15900    |  0.94839   |  0.92766   |  0.67991   |  41453.9   |   10.63    |     |   15900    |  0.49800   |  0.11082   |
-------------------------------------------------------------------------------     ----------------------------------------
|   16000    |  0.88696   |  0.86613   |  0.70214   |  41676.1   |   10.68    |     |   16000    |  0.49674   |  0.10931   |
-------------------------------------------------------------------------------     ----------------------------------------
|   16100    |  0.88263   |  0.86169   |  0.70463   |  41876.1   |   10.74    |     |   16100    |  0.49578   |  0.11913   |
-------------------------------------------------------------------------------     ----------------------------------------
|   16200    |  0.87252   |  0.85149   |  0.70561   |  42057.8   |   10.79    |     |   16200    |  0.49450   |  0.12426   |
-------------------------------------------------------------------------------     ----------------------------------------
|   16300    |  0.87953   |  0.85841   |  0.70253   |  42236.6   |   10.85    |     |   16300    |  0.49283   |  0.11030   |
-------------------------------------------------------------------------------     ----------------------------------------
|   16400    |  0.87828   |  0.85707   |  0.70803   |  42424.5   |   10.90    |     |   16400    |  0.49151   |  0.10549   |
-------------------------------------------------------------------------------     ----------------------------------------
|   16500    |  0.89125   |  0.86994   |  0.70150   |  42630.4   |   10.96    |     |   16500    |  0.49045   |  0.11847   |
-------------------------------------------------------------------------------     ----------------------------------------
|   16600    |  0.89796   |  0.87654   |  0.69935   |  42827.7   |   11.01    |     |   16600    |  0.48910   |  0.10532   |
-------------------------------------------------------------------------------     ----------------------------------------
|   16700    |  0.88467   |  0.86317   |  0.69947   |  43005.1   |   11.07    |     |   16700    |  0.48786   |  0.10912   |
-------------------------------------------------------------------------------     ----------------------------------------
|   16800    |  0.89501   |  0.87340   |  0.69759   |  43207.5   |   11.12    |     |   16800    |  0.48680   |  0.11133   |
-------------------------------------------------------------------------------     ----------------------------------------
|   16900    |  1.08379   |  1.06207   |  0.63452   |  43441.9   |   11.18    |     |   16900    |  0.48601   |  0.12166   |
-------------------------------------------------------------------------------     ----------------------------------------
|   17000    |  0.89941   |  0.87758   |  0.69529   |  43665.3   |   11.23    |     |   17000    |  0.48498   |  0.11165   |
-------------------------------------------------------------------------------     ----------------------------------------
|   17100    |  0.88499   |  0.86304   |  0.70335   |  43900.0   |   11.29    |     |   17100    |  0.48429   |  0.11256   |
-------------------------------------------------------------------------------     ----------------------------------------
|   17200    |  0.89254   |  0.87049   |  0.70415   |  44102.9   |   11.35    |     |   17200    |  0.48330   |  0.11031   |
-------------------------------------------------------------------------------     ----------------------------------------
|   17300    |  0.93191   |  0.90977   |  0.69034   |  44271.7   |   11.40    |     |   17300    |  0.48229   |  0.11280   |
-------------------------------------------------------------------------------     ----------------------------------------
|   17400    |  0.97483   |  0.95260   |  0.66921   |  44445.9   |   11.45    |     |   17400    |  0.48149   |  0.12564   |
-------------------------------------------------------------------------------     ----------------------------------------
|   17500    |  0.89649   |  0.87418   |  0.70320   |  44625.4   |   11.51    |     |   17500    |  0.48070   |  0.11839   |
-------------------------------------------------------------------------------     ----------------------------------------
|   17600    |  0.89344   |  0.87103   |  0.70137   |  44812.9   |   11.56    |     |   17600    |  0.48006   |  0.10818   |
-------------------------------------------------------------------------------     ----------------------------------------
|   17700    |  0.89261   |  0.87013   |  0.70229   |  44955.6   |   11.62    |     |   17700    |  0.47886   |  0.10771   |
-------------------------------------------------------------------------------     ----------------------------------------
|   17800    |  0.91248   |  0.88989   |  0.69371   |  45173.9   |   11.67    |     |   17800    |  0.47762   |  0.11991   |
-------------------------------------------------------------------------------     ----------------------------------------
|   17900    |  0.91293   |  0.89023   |  0.69593   |  45407.1   |   11.73    |     |   17900    |  0.47611   |  0.11145   |
-------------------------------------------------------------------------------     ----------------------------------------
|   18000    |  0.90938   |  0.88659   |  0.69155   |  45591.2   |   11.78    |     |   18000    |  0.47498   |  0.11976   |
-------------------------------------------------------------------------------     ----------------------------------------
|   18100    |  0.89909   |  0.87619   |  0.69650   |  45798.7   |   11.84    |     |   18100    |  0.47368   |  0.10984   |
-------------------------------------------------------------------------------     ----------------------------------------
|   18200    |  0.91900   |  0.89600   |  0.69218   |  45995.9   |   11.89    |     |   18200    |  0.47275   |  0.10970   |
-------------------------------------------------------------------------------     ----------------------------------------
|   18300    |  0.90083   |  0.87774   |  0.70128   |  46170.5   |   11.95    |     |   18300    |  0.47154   |  0.11592   |
-------------------------------------------------------------------------------     ----------------------------------------
|   18400    |  0.89437   |  0.87119   |  0.70238   |  46350.3   |   12.00    |     |   18400    |  0.47045   |  0.12160   |
-------------------------------------------------------------------------------     ----------------------------------------
|   18500    |  0.89551   |  0.87226   |  0.70040   |  46505.7   |   12.05    |     |   18500    |  0.46931   |  0.13087   |
-------------------------------------------------------------------------------     ----------------------------------------
|   18600    |  0.91350   |  0.89017   |  0.69025   |  46651.6   |   12.11    |     |   18600    |  0.46799   |  0.11225   |
-------------------------------------------------------------------------------     ----------------------------------------
|   18700    |  0.92798   |  0.90458   |  0.69081   |  46804.2   |   12.16    |     |   18700    |  0.46662   |  0.11497   |
-------------------------------------------------------------------------------     ----------------------------------------
|   18800    |  0.90176   |  0.87826   |  0.69827   |  46987.6   |   12.22    |     |   18800    |  0.46566   |  0.11961   |
-------------------------------------------------------------------------------     ----------------------------------------
|   18900    |  0.89235   |  0.86875   |  0.70225   |  47194.4   |   12.27    |     |   18900    |  0.46469   |  0.11226   |
-------------------------------------------------------------------------------     ----------------------------------------
|   19000    |  0.89448   |  0.87077   |  0.70088   |  47419.4   |   12.32    |     |   19000    |  0.46387   |  0.11498   |
-------------------------------------------------------------------------------     ----------------------------------------
|   19100    |  0.88989   |  0.86609   |  0.70742   |  47593.7   |   12.38    |     |   19100    |  0.46313   |  0.11599   |
-------------------------------------------------------------------------------     ----------------------------------------
|   19200    |  0.90480   |  0.88088   |  0.69584   |  47839.5   |   12.43    |     |   19200    |  0.46193   |  0.10920   |
-------------------------------------------------------------------------------     ----------------------------------------
|   19300    |  0.89453   |  0.87050   |  0.69958   |  48053.1   |   12.49    |     |   19300    |  0.46106   |  0.10801   |
-------------------------------------------------------------------------------     ----------------------------------------
|   19400    |  0.91431   |  0.89018   |  0.69813   |  48267.1   |   12.54    |     |   19400    |  0.46040   |  0.11056   |
-------------------------------------------------------------------------------     ----------------------------------------
|   19500    |  0.89472   |  0.87049   |  0.70147   |  48444.2   |   12.59    |     |   19500    |  0.45943   |  0.11084   |
-------------------------------------------------------------------------------     ----------------------------------------
|   19600    |  0.91292   |  0.88859   |  0.69571   |  48664.3   |   12.65    |     |   19600    |  0.45814   |  0.10855   |
-------------------------------------------------------------------------------     ----------------------------------------
|   19700    |  0.89939   |  0.87495   |  0.69947   |  48880.7   |   12.70    |     |   19700    |  0.45696   |  0.10769   |
-------------------------------------------------------------------------------     ----------------------------------------
|   19800    |  0.90453   |  0.88000   |  0.69867   |  49063.6   |   12.75    |     |   19800    |  0.45584   |  0.11189   |
-------------------------------------------------------------------------------     ----------------------------------------
|   19900    |  0.90376   |  0.87915   |  0.69947   |  49227.8   |   12.81    |     |   19900    |  0.45489   |  0.11702   |
-------------------------------------------------------------------------------     ----------------------------------------
|   20000    |  0.90356   |  0.87883   |  0.69445   |  49464.1   |   12.86    |     |   20000    |  0.45387   |  0.11104   |
-------------------------------------------------------------------------------     ----------------------------------------

Simulation completed!
Total time: 12.86 h
